[2023-09-09 16:37:30,188] INFO [Broker id=1] Transitioning 51 partition(s) to local leaders. (state.change.logger)
[2023-09-09 16:37:30,190] INFO [Broker id=1] Leader __consumer_offsets-13 with topic id Some(bgEPgsvxSXCEf4pWSmMBsA) starts at leader epoch 10 from offset 0 with partition epoch 10, high watermark 0, ISR [1], adding replicas [] and removing replicas [] . Previous leader epoch was 8. (state.change.logger)
[2023-09-09 16:37:34,045] INFO [Broker id=1] Leader __consumer_offsets-46 with topic id Some(bgEPgsvxSXCEf4pWSmMBsA) starts at leader epoch 10 from offset 0 with partition epoch 10, high watermark 0, ISR [1], adding replicas [] and removing replicas [] . Previous leader epoch was 8. (state.change.logger)
[2023-09-09 16:37:37,736] INFO [Broker id=1] Leader __consumer_offsets-9 with topic id Some(bgEPgsvxSXCEf4pWSmMBsA) starts at leader epoch 10 from offset 0 with partition epoch 10, high watermark 0, ISR [1], adding replicas [] and removing replicas [] . Previous leader epoch was 8. (state.change.logger)
[2023-09-09 16:37:43,042] INFO [Broker id=1] Leader __consumer_offsets-42 with topic id Some(bgEPgsvxSXCEf4pWSmMBsA) starts at leader epoch 10 from offset 0 with partition epoch 10, high watermark 0, ISR [1], adding replicas [] and removing replicas [] . Previous leader epoch was 8. (state.change.logger)
[2023-09-09 16:37:45,443] INFO [Broker id=1] Leader __consumer_offsets-21 with topic id Some(bgEPgsvxSXCEf4pWSmMBsA) starts at leader epoch 10 from offset 0 with partition epoch 10, high watermark 0, ISR [1], adding replicas [] and removing replicas [] . Previous leader epoch was 8. (state.change.logger)
[2023-09-09 16:37:46,763] INFO [Broker id=1] Leader __consumer_offsets-17 with topic id Some(bgEPgsvxSXCEf4pWSmMBsA) starts at leader epoch 10 from offset 0 with partition epoch 10, high watermark 0, ISR [1], adding replicas [] and removing replicas [] . Previous leader epoch was 8. (state.change.logger)
[2023-09-09 16:37:47,863] INFO [Broker id=1] Leader __consumer_offsets-30 with topic id Some(bgEPgsvxSXCEf4pWSmMBsA) starts at leader epoch 10 from offset 0 with partition epoch 10, high watermark 0, ISR [1], adding replicas [] and removing replicas [] . Previous leader epoch was 8. (state.change.logger)
[2023-09-09 16:37:49,461] INFO [Broker id=1] Leader __consumer_offsets-26 with topic id Some(bgEPgsvxSXCEf4pWSmMBsA) starts at leader epoch 10 from offset 0 with partition epoch 10, high watermark 0, ISR [1], adding replicas [] and removing replicas [] . Previous leader epoch was 8. (state.change.logger)
[2023-09-09 16:37:52,419] INFO [Broker id=1] Leader __consumer_offsets-5 with topic id Some(bgEPgsvxSXCEf4pWSmMBsA) starts at leader epoch 10 from offset 0 with partition epoch 10, high watermark 0, ISR [1], adding replicas [] and removing replicas [] . Previous leader epoch was 8. (state.change.logger)
[2023-09-09 16:38:04,235] INFO [Broker id=1] Leader __consumer_offsets-38 with topic id Some(bgEPgsvxSXCEf4pWSmMBsA) starts at leader epoch 10 from offset 0 with partition epoch 10, high watermark 0, ISR [1], adding replicas [] and removing replicas [] . Previous leader epoch was 8. (state.change.logger)
[2023-09-09 16:38:06,031] INFO [Broker id=1] Leader my-topic-0 with topic id Some(ayqgkmjIT6GEi4SIwRww-A) starts at leader epoch 10 from offset 53 with partition epoch 10, high watermark 53, ISR [1], adding replicas [] and removing replicas [] . Previous leader epoch was 8. (state.change.logger)
[2023-09-09 16:38:08,054] INFO [Broker id=1] Leader __consumer_offsets-1 with topic id Some(bgEPgsvxSXCEf4pWSmMBsA) starts at leader epoch 10 from offset 3 with partition epoch 10, high watermark 3, ISR [1], adding replicas [] and removing replicas [] . Previous leader epoch was 8. (state.change.logger)
[2023-09-09 16:38:11,768] INFO [Broker id=1] Leader __consumer_offsets-34 with topic id Some(bgEPgsvxSXCEf4pWSmMBsA) starts at leader epoch 10 from offset 0 with partition epoch 10, high watermark 0, ISR [1], adding replicas [] and removing replicas [] . Previous leader epoch was 8. (state.change.logger)
[2023-09-09 16:38:14,089] INFO [Broker id=1] Leader __consumer_offsets-16 with topic id Some(bgEPgsvxSXCEf4pWSmMBsA) starts at leader epoch 10 from offset 0 with partition epoch 10, high watermark 0, ISR [1], adding replicas [] and removing replicas [] . Previous leader epoch was 8. (state.change.logger)
[2023-09-09 16:38:15,618] INFO [Broker id=1] Leader __consumer_offsets-45 with topic id Some(bgEPgsvxSXCEf4pWSmMBsA) starts at leader epoch 10 from offset 0 with partition epoch 10, high watermark 0, ISR [1], adding replicas [] and removing replicas [] . Previous leader epoch was 8. (state.change.logger)
[2023-09-09 16:38:18,286] INFO [Broker id=1] Leader __consumer_offsets-12 with topic id Some(bgEPgsvxSXCEf4pWSmMBsA) starts at leader epoch 10 from offset 0 with partition epoch 10, high watermark 0, ISR [1], adding replicas [] and removing replicas [] . Previous leader epoch was 8. (state.change.logger)
[2023-09-09 16:38:20,552] INFO [Broker id=1] Leader __consumer_offsets-41 with topic id Some(bgEPgsvxSXCEf4pWSmMBsA) starts at leader epoch 10 from offset 0 with partition epoch 10, high watermark 0, ISR [1], adding replicas [] and removing replicas [] . Previous leader epoch was 8. (state.change.logger)
[2023-09-09 16:38:22,504] INFO [Broker id=1] Leader __consumer_offsets-24 with topic id Some(bgEPgsvxSXCEf4pWSmMBsA) starts at leader epoch 10 from offset 0 with partition epoch 10, high watermark 0, ISR [1], adding replicas [] and removing replicas [] . Previous leader epoch was 8. (state.change.logger)
[2023-09-09 16:38:23,983] INFO [Broker id=1] Leader __consumer_offsets-20 with topic id Some(bgEPgsvxSXCEf4pWSmMBsA) starts at leader epoch 10 from offset 0 with partition epoch 10, high watermark 0, ISR [1], adding replicas [] and removing replicas [] . Previous leader epoch was 8. (state.change.logger)
[2023-09-09 16:38:26,027] INFO [Broker id=1] Leader __consumer_offsets-49 with topic id Some(bgEPgsvxSXCEf4pWSmMBsA) starts at leader epoch 10 from offset 0 with partition epoch 10, high watermark 0, ISR [1], adding replicas [] and removing replicas [] . Previous leader epoch was 8. (state.change.logger)
[2023-09-09 16:38:26,918] INFO [Broker id=1] Leader __consumer_offsets-0 with topic id Some(bgEPgsvxSXCEf4pWSmMBsA) starts at leader epoch 10 from offset 0 with partition epoch 10, high watermark 0, ISR [1], adding replicas [] and removing replicas [] . Previous leader epoch was 8. (state.change.logger)
[2023-09-09 16:38:29,370] INFO [Broker id=1] Leader __consumer_offsets-29 with topic id Some(bgEPgsvxSXCEf4pWSmMBsA) starts at leader epoch 10 from offset 0 with partition epoch 10, high watermark 0, ISR [1], adding replicas [] and removing replicas [] . Previous leader epoch was 8. (state.change.logger)
[2023-09-09 16:38:31,757] INFO [Broker id=1] Leader __consumer_offsets-25 with topic id Some(bgEPgsvxSXCEf4pWSmMBsA) starts at leader epoch 10 from offset 0 with partition epoch 10, high watermark 0, ISR [1], adding replicas [] and removing replicas [] . Previous leader epoch was 8. (state.change.logger)
[2023-09-09 16:38:32,694] INFO [Broker id=1] Leader __consumer_offsets-8 with topic id Some(bgEPgsvxSXCEf4pWSmMBsA) starts at leader epoch 10 from offset 0 with partition epoch 10, high watermark 0, ISR [1], adding replicas [] and removing replicas [] . Previous leader epoch was 8. (state.change.logger)
[2023-09-09 16:38:35,900] INFO [Broker id=1] Leader __consumer_offsets-37 with topic id Some(bgEPgsvxSXCEf4pWSmMBsA) starts at leader epoch 10 from offset 0 with partition epoch 10, high watermark 0, ISR [1], adding replicas [] and removing replicas [] . Previous leader epoch was 8. (state.change.logger)
[2023-09-09 16:38:37,612] INFO [Broker id=1] Leader __consumer_offsets-4 with topic id Some(bgEPgsvxSXCEf4pWSmMBsA) starts at leader epoch 10 from offset 0 with partition epoch 10, high watermark 0, ISR [1], adding replicas [] and removing replicas [] . Previous leader epoch was 8. (state.change.logger)
[2023-09-09 16:38:41,664] INFO [Broker id=1] Leader __consumer_offsets-33 with topic id Some(bgEPgsvxSXCEf4pWSmMBsA) starts at leader epoch 10 from offset 0 with partition epoch 10, high watermark 0, ISR [1], adding replicas [] and removing replicas [] . Previous leader epoch was 8. (state.change.logger)
[2023-09-09 16:38:44,528] INFO [Broker id=1] Leader __consumer_offsets-15 with topic id Some(bgEPgsvxSXCEf4pWSmMBsA) starts at leader epoch 10 from offset 0 with partition epoch 10, high watermark 0, ISR [1], adding replicas [] and removing replicas [] . Previous leader epoch was 8. (state.change.logger)
[2023-09-09 16:38:46,132] INFO [Broker id=1] Leader __consumer_offsets-48 with topic id Some(bgEPgsvxSXCEf4pWSmMBsA) starts at leader epoch 10 from offset 0 with partition epoch 10, high watermark 0, ISR [1], adding replicas [] and removing replicas [] . Previous leader epoch was 8. (state.change.logger)
[2023-09-09 16:38:47,190] INFO [Broker id=1] Leader __consumer_offsets-11 with topic id Some(bgEPgsvxSXCEf4pWSmMBsA) starts at leader epoch 10 from offset 0 with partition epoch 10, high watermark 0, ISR [1], adding replicas [] and removing replicas [] . Previous leader epoch was 8. (state.change.logger)
[2023-09-09 16:38:48,766] INFO [Broker id=1] Leader __consumer_offsets-44 with topic id Some(bgEPgsvxSXCEf4pWSmMBsA) starts at leader epoch 10 from offset 0 with partition epoch 10, high watermark 0, ISR [1], adding replicas [] and removing replicas [] . Previous leader epoch was 8. (state.change.logger)
[2023-09-09 16:38:49,625] INFO [Broker id=1] Leader __consumer_offsets-23 with topic id Some(bgEPgsvxSXCEf4pWSmMBsA) starts at leader epoch 10 from offset 3 with partition epoch 10, high watermark 3, ISR [1], adding replicas [] and removing replicas [] . Previous leader epoch was 8. (state.change.logger)
[2023-09-09 16:38:50,289] INFO [Broker id=1] Leader __consumer_offsets-19 with topic id Some(bgEPgsvxSXCEf4pWSmMBsA) starts at leader epoch 10 from offset 0 with partition epoch 10, high watermark 0, ISR [1], adding replicas [] and removing replicas [] . Previous leader epoch was 8. (state.change.logger)
[2023-09-09 16:38:50,988] INFO [Broker id=1] Leader __consumer_offsets-32 with topic id Some(bgEPgsvxSXCEf4pWSmMBsA) starts at leader epoch 10 from offset 0 with partition epoch 10, high watermark 0, ISR [1], adding replicas [] and removing replicas [] . Previous leader epoch was 8. (state.change.logger)
[2023-09-09 16:38:51,380] INFO [Broker id=1] Leader __consumer_offsets-28 with topic id Some(bgEPgsvxSXCEf4pWSmMBsA) starts at leader epoch 10 from offset 0 with partition epoch 10, high watermark 0, ISR [1], adding replicas [] and removing replicas [] . Previous leader epoch was 8. (state.change.logger)
[2023-09-09 16:38:52,094] INFO [Broker id=1] Leader __consumer_offsets-7 with topic id Some(bgEPgsvxSXCEf4pWSmMBsA) starts at leader epoch 10 from offset 26 with partition epoch 10, high watermark 26, ISR [1], adding replicas [] and removing replicas [] . Previous leader epoch was 8. (state.change.logger)
[2023-09-09 16:38:52,686] INFO [Broker id=1] Leader __consumer_offsets-40 with topic id Some(bgEPgsvxSXCEf4pWSmMBsA) starts at leader epoch 10 from offset 0 with partition epoch 10, high watermark 0, ISR [1], adding replicas [] and removing replicas [] . Previous leader epoch was 8. (state.change.logger)
[2023-09-09 16:38:53,564] INFO [Broker id=1] Leader __consumer_offsets-3 with topic id Some(bgEPgsvxSXCEf4pWSmMBsA) starts at leader epoch 10 from offset 0 with partition epoch 10, high watermark 0, ISR [1], adding replicas [] and removing replicas [] . Previous leader epoch was 8. (state.change.logger)
[2023-09-09 16:38:54,501] INFO [Broker id=1] Leader __consumer_offsets-36 with topic id Some(bgEPgsvxSXCEf4pWSmMBsA) starts at leader epoch 10 from offset 3 with partition epoch 10, high watermark 3, ISR [1], adding replicas [] and removing replicas [] . Previous leader epoch was 8. (state.change.logger)
[2023-09-09 16:38:56,503] INFO [Broker id=1] Leader __consumer_offsets-47 with topic id Some(bgEPgsvxSXCEf4pWSmMBsA) starts at leader epoch 10 from offset 0 with partition epoch 10, high watermark 0, ISR [1], adding replicas [] and removing replicas [] . Previous leader epoch was 8. (state.change.logger)
[2023-09-09 16:38:57,211] INFO [Broker id=1] Leader __consumer_offsets-14 with topic id Some(bgEPgsvxSXCEf4pWSmMBsA) starts at leader epoch 10 from offset 0 with partition epoch 10, high watermark 0, ISR [1], adding replicas [] and removing replicas [] . Previous leader epoch was 8. (state.change.logger)
[2023-09-09 16:38:57,630] INFO [Broker id=1] Leader __consumer_offsets-43 with topic id Some(bgEPgsvxSXCEf4pWSmMBsA) starts at leader epoch 10 from offset 0 with partition epoch 10, high watermark 0, ISR [1], adding replicas [] and removing replicas [] . Previous leader epoch was 8. (state.change.logger)
[2023-09-09 16:38:58,823] INFO [Broker id=1] Leader __consumer_offsets-10 with topic id Some(bgEPgsvxSXCEf4pWSmMBsA) starts at leader epoch 10 from offset 0 with partition epoch 10, high watermark 0, ISR [1], adding replicas [] and removing replicas [] . Previous leader epoch was 8. (state.change.logger)
[2023-09-09 16:38:59,608] INFO [Broker id=1] Leader __consumer_offsets-22 with topic id Some(bgEPgsvxSXCEf4pWSmMBsA) starts at leader epoch 10 from offset 3 with partition epoch 10, high watermark 3, ISR [1], adding replicas [] and removing replicas [] . Previous leader epoch was 8. (state.change.logger)
[2023-09-09 16:39:00,361] INFO [Broker id=1] Leader __consumer_offsets-18 with topic id Some(bgEPgsvxSXCEf4pWSmMBsA) starts at leader epoch 10 from offset 0 with partition epoch 10, high watermark 0, ISR [1], adding replicas [] and removing replicas [] . Previous leader epoch was 8. (state.change.logger)
[2023-09-09 16:39:01,222] INFO [Broker id=1] Leader __consumer_offsets-31 with topic id Some(bgEPgsvxSXCEf4pWSmMBsA) starts at leader epoch 10 from offset 0 with partition epoch 10, high watermark 0, ISR [1], adding replicas [] and removing replicas [] . Previous leader epoch was 8. (state.change.logger)
[2023-09-09 16:39:04,816] INFO [Broker id=1] Leader __consumer_offsets-27 with topic id Some(bgEPgsvxSXCEf4pWSmMBsA) starts at leader epoch 10 from offset 0 with partition epoch 10, high watermark 0, ISR [1], adding replicas [] and removing replicas [] . Previous leader epoch was 8. (state.change.logger)
[2023-09-09 16:39:09,045] INFO [Broker id=1] Leader __consumer_offsets-39 with topic id Some(bgEPgsvxSXCEf4pWSmMBsA) starts at leader epoch 10 from offset 0 with partition epoch 10, high watermark 0, ISR [1], adding replicas [] and removing replicas [] . Previous leader epoch was 8. (state.change.logger)
[2023-09-09 16:39:12,572] INFO [Broker id=1] Leader __consumer_offsets-6 with topic id Some(bgEPgsvxSXCEf4pWSmMBsA) starts at leader epoch 10 from offset 0 with partition epoch 10, high watermark 0, ISR [1], adding replicas [] and removing replicas [] . Previous leader epoch was 8. (state.change.logger)
[2023-09-09 16:39:15,067] INFO [Broker id=1] Leader __consumer_offsets-35 with topic id Some(bgEPgsvxSXCEf4pWSmMBsA) starts at leader epoch 10 from offset 0 with partition epoch 10, high watermark 0, ISR [1], adding replicas [] and removing replicas [] . Previous leader epoch was 8. (state.change.logger)
[2023-09-09 16:39:18,502] INFO [Broker id=1] Leader __consumer_offsets-2 with topic id Some(bgEPgsvxSXCEf4pWSmMBsA) starts at leader epoch 10 from offset 0 with partition epoch 10, high watermark 0, ISR [1], adding replicas [] and removing replicas [] . Previous leader epoch was 8. (state.change.logger)
[2023-09-09 16:51:25,854] INFO [Broker id=1] Transitioning 51 partition(s) to local followers. (state.change.logger)
[2023-09-09 16:51:25,854] INFO [Broker id=1] Follower __consumer_offsets-13 starts at leader epoch 11 from offset 0 with partition epoch 11 and high watermark 0. Current leader is -1. Previous leader epoch was 10. (state.change.logger)
[2023-09-09 16:51:25,854] INFO [Broker id=1] Follower __consumer_offsets-46 starts at leader epoch 11 from offset 0 with partition epoch 11 and high watermark 0. Current leader is -1. Previous leader epoch was 10. (state.change.logger)
[2023-09-09 16:51:25,854] INFO [Broker id=1] Follower __consumer_offsets-9 starts at leader epoch 11 from offset 0 with partition epoch 11 and high watermark 0. Current leader is -1. Previous leader epoch was 10. (state.change.logger)
[2023-09-09 16:51:25,854] INFO [Broker id=1] Follower __consumer_offsets-42 starts at leader epoch 11 from offset 0 with partition epoch 11 and high watermark 0. Current leader is -1. Previous leader epoch was 10. (state.change.logger)
[2023-09-09 16:51:25,854] INFO [Broker id=1] Follower __consumer_offsets-21 starts at leader epoch 11 from offset 0 with partition epoch 11 and high watermark 0. Current leader is -1. Previous leader epoch was 10. (state.change.logger)
[2023-09-09 16:51:25,854] INFO [Broker id=1] Follower __consumer_offsets-17 starts at leader epoch 11 from offset 0 with partition epoch 11 and high watermark 0. Current leader is -1. Previous leader epoch was 10. (state.change.logger)
[2023-09-09 16:51:25,854] INFO [Broker id=1] Follower __consumer_offsets-30 starts at leader epoch 11 from offset 0 with partition epoch 11 and high watermark 0. Current leader is -1. Previous leader epoch was 10. (state.change.logger)
[2023-09-09 16:51:25,854] INFO [Broker id=1] Follower __consumer_offsets-26 starts at leader epoch 11 from offset 0 with partition epoch 11 and high watermark 0. Current leader is -1. Previous leader epoch was 10. (state.change.logger)
[2023-09-09 16:51:25,854] INFO [Broker id=1] Follower __consumer_offsets-5 starts at leader epoch 11 from offset 0 with partition epoch 11 and high watermark 0. Current leader is -1. Previous leader epoch was 10. (state.change.logger)
[2023-09-09 16:51:25,854] INFO [Broker id=1] Follower __consumer_offsets-38 starts at leader epoch 11 from offset 0 with partition epoch 11 and high watermark 0. Current leader is -1. Previous leader epoch was 10. (state.change.logger)
[2023-09-09 16:51:25,854] INFO [Broker id=1] Follower my-topic-0 starts at leader epoch 11 from offset 53 with partition epoch 11 and high watermark 53. Current leader is -1. Previous leader epoch was 10. (state.change.logger)
[2023-09-09 16:51:25,854] INFO [Broker id=1] Follower __consumer_offsets-1 starts at leader epoch 11 from offset 3 with partition epoch 11 and high watermark 3. Current leader is -1. Previous leader epoch was 10. (state.change.logger)
[2023-09-09 16:51:25,854] INFO [Broker id=1] Follower __consumer_offsets-34 starts at leader epoch 11 from offset 0 with partition epoch 11 and high watermark 0. Current leader is -1. Previous leader epoch was 10. (state.change.logger)
[2023-09-09 16:51:25,854] INFO [Broker id=1] Follower __consumer_offsets-16 starts at leader epoch 11 from offset 0 with partition epoch 11 and high watermark 0. Current leader is -1. Previous leader epoch was 10. (state.change.logger)
[2023-09-09 16:51:25,854] INFO [Broker id=1] Follower __consumer_offsets-45 starts at leader epoch 11 from offset 0 with partition epoch 11 and high watermark 0. Current leader is -1. Previous leader epoch was 10. (state.change.logger)
[2023-09-09 16:51:25,854] INFO [Broker id=1] Follower __consumer_offsets-12 starts at leader epoch 11 from offset 0 with partition epoch 11 and high watermark 0. Current leader is -1. Previous leader epoch was 10. (state.change.logger)
[2023-09-09 16:51:25,854] INFO [Broker id=1] Follower __consumer_offsets-41 starts at leader epoch 11 from offset 0 with partition epoch 11 and high watermark 0. Current leader is -1. Previous leader epoch was 10. (state.change.logger)
[2023-09-09 16:51:25,854] INFO [Broker id=1] Follower __consumer_offsets-24 starts at leader epoch 11 from offset 0 with partition epoch 11 and high watermark 0. Current leader is -1. Previous leader epoch was 10. (state.change.logger)
[2023-09-09 16:51:25,854] INFO [Broker id=1] Follower __consumer_offsets-20 starts at leader epoch 11 from offset 0 with partition epoch 11 and high watermark 0. Current leader is -1. Previous leader epoch was 10. (state.change.logger)
[2023-09-09 16:51:25,854] INFO [Broker id=1] Follower __consumer_offsets-49 starts at leader epoch 11 from offset 0 with partition epoch 11 and high watermark 0. Current leader is -1. Previous leader epoch was 10. (state.change.logger)
[2023-09-09 16:51:25,854] INFO [Broker id=1] Follower __consumer_offsets-0 starts at leader epoch 11 from offset 0 with partition epoch 11 and high watermark 0. Current leader is -1. Previous leader epoch was 10. (state.change.logger)
[2023-09-09 16:51:25,854] INFO [Broker id=1] Follower __consumer_offsets-29 starts at leader epoch 11 from offset 0 with partition epoch 11 and high watermark 0. Current leader is -1. Previous leader epoch was 10. (state.change.logger)
[2023-09-09 16:51:25,854] INFO [Broker id=1] Follower __consumer_offsets-25 starts at leader epoch 11 from offset 0 with partition epoch 11 and high watermark 0. Current leader is -1. Previous leader epoch was 10. (state.change.logger)
[2023-09-09 16:51:25,854] INFO [Broker id=1] Follower __consumer_offsets-8 starts at leader epoch 11 from offset 0 with partition epoch 11 and high watermark 0. Current leader is -1. Previous leader epoch was 10. (state.change.logger)
[2023-09-09 16:51:25,854] INFO [Broker id=1] Follower __consumer_offsets-37 starts at leader epoch 11 from offset 0 with partition epoch 11 and high watermark 0. Current leader is -1. Previous leader epoch was 10. (state.change.logger)
[2023-09-09 16:51:25,854] INFO [Broker id=1] Follower __consumer_offsets-4 starts at leader epoch 11 from offset 0 with partition epoch 11 and high watermark 0. Current leader is -1. Previous leader epoch was 10. (state.change.logger)
[2023-09-09 16:51:25,854] INFO [Broker id=1] Follower __consumer_offsets-33 starts at leader epoch 11 from offset 0 with partition epoch 11 and high watermark 0. Current leader is -1. Previous leader epoch was 10. (state.change.logger)
[2023-09-09 16:51:25,855] INFO [Broker id=1] Follower __consumer_offsets-15 starts at leader epoch 11 from offset 0 with partition epoch 11 and high watermark 0. Current leader is -1. Previous leader epoch was 10. (state.change.logger)
[2023-09-09 16:51:25,855] INFO [Broker id=1] Follower __consumer_offsets-48 starts at leader epoch 11 from offset 0 with partition epoch 11 and high watermark 0. Current leader is -1. Previous leader epoch was 10. (state.change.logger)
[2023-09-09 16:51:25,855] INFO [Broker id=1] Follower __consumer_offsets-11 starts at leader epoch 11 from offset 0 with partition epoch 11 and high watermark 0. Current leader is -1. Previous leader epoch was 10. (state.change.logger)
[2023-09-09 16:51:25,855] INFO [Broker id=1] Follower __consumer_offsets-44 starts at leader epoch 11 from offset 0 with partition epoch 11 and high watermark 0. Current leader is -1. Previous leader epoch was 10. (state.change.logger)
[2023-09-09 16:51:25,855] INFO [Broker id=1] Follower __consumer_offsets-23 starts at leader epoch 11 from offset 3 with partition epoch 11 and high watermark 3. Current leader is -1. Previous leader epoch was 10. (state.change.logger)
[2023-09-09 16:51:25,855] INFO [Broker id=1] Follower __consumer_offsets-19 starts at leader epoch 11 from offset 0 with partition epoch 11 and high watermark 0. Current leader is -1. Previous leader epoch was 10. (state.change.logger)
[2023-09-09 16:51:25,855] INFO [Broker id=1] Follower __consumer_offsets-32 starts at leader epoch 11 from offset 0 with partition epoch 11 and high watermark 0. Current leader is -1. Previous leader epoch was 10. (state.change.logger)
[2023-09-09 16:51:25,855] INFO [Broker id=1] Follower __consumer_offsets-28 starts at leader epoch 11 from offset 0 with partition epoch 11 and high watermark 0. Current leader is -1. Previous leader epoch was 10. (state.change.logger)
[2023-09-09 16:51:25,855] INFO [Broker id=1] Follower __consumer_offsets-7 starts at leader epoch 11 from offset 26 with partition epoch 11 and high watermark 26. Current leader is -1. Previous leader epoch was 10. (state.change.logger)
[2023-09-09 16:51:25,855] INFO [Broker id=1] Follower __consumer_offsets-40 starts at leader epoch 11 from offset 0 with partition epoch 11 and high watermark 0. Current leader is -1. Previous leader epoch was 10. (state.change.logger)
[2023-09-09 16:51:25,855] INFO [Broker id=1] Follower __consumer_offsets-3 starts at leader epoch 11 from offset 0 with partition epoch 11 and high watermark 0. Current leader is -1. Previous leader epoch was 10. (state.change.logger)
[2023-09-09 16:51:25,855] INFO [Broker id=1] Follower __consumer_offsets-36 starts at leader epoch 11 from offset 3 with partition epoch 11 and high watermark 3. Current leader is -1. Previous leader epoch was 10. (state.change.logger)
[2023-09-09 16:51:25,855] INFO [Broker id=1] Follower __consumer_offsets-47 starts at leader epoch 11 from offset 0 with partition epoch 11 and high watermark 0. Current leader is -1. Previous leader epoch was 10. (state.change.logger)
[2023-09-09 16:51:25,855] INFO [Broker id=1] Follower __consumer_offsets-14 starts at leader epoch 11 from offset 0 with partition epoch 11 and high watermark 0. Current leader is -1. Previous leader epoch was 10. (state.change.logger)
[2023-09-09 16:51:25,855] INFO [Broker id=1] Follower __consumer_offsets-43 starts at leader epoch 11 from offset 0 with partition epoch 11 and high watermark 0. Current leader is -1. Previous leader epoch was 10. (state.change.logger)
[2023-09-09 16:51:25,855] INFO [Broker id=1] Follower __consumer_offsets-10 starts at leader epoch 11 from offset 0 with partition epoch 11 and high watermark 0. Current leader is -1. Previous leader epoch was 10. (state.change.logger)
[2023-09-09 16:51:25,855] INFO [Broker id=1] Follower __consumer_offsets-22 starts at leader epoch 11 from offset 3 with partition epoch 11 and high watermark 3. Current leader is -1. Previous leader epoch was 10. (state.change.logger)
[2023-09-09 16:51:25,855] INFO [Broker id=1] Follower __consumer_offsets-18 starts at leader epoch 11 from offset 0 with partition epoch 11 and high watermark 0. Current leader is -1. Previous leader epoch was 10. (state.change.logger)
[2023-09-09 16:51:25,855] INFO [Broker id=1] Follower __consumer_offsets-31 starts at leader epoch 11 from offset 0 with partition epoch 11 and high watermark 0. Current leader is -1. Previous leader epoch was 10. (state.change.logger)
[2023-09-09 16:51:25,855] INFO [Broker id=1] Follower __consumer_offsets-27 starts at leader epoch 11 from offset 0 with partition epoch 11 and high watermark 0. Current leader is -1. Previous leader epoch was 10. (state.change.logger)
[2023-09-09 16:51:25,855] INFO [Broker id=1] Follower __consumer_offsets-39 starts at leader epoch 11 from offset 0 with partition epoch 11 and high watermark 0. Current leader is -1. Previous leader epoch was 10. (state.change.logger)
[2023-09-09 16:51:25,855] INFO [Broker id=1] Follower __consumer_offsets-6 starts at leader epoch 11 from offset 0 with partition epoch 11 and high watermark 0. Current leader is -1. Previous leader epoch was 10. (state.change.logger)
[2023-09-09 16:51:25,855] INFO [Broker id=1] Follower __consumer_offsets-35 starts at leader epoch 11 from offset 0 with partition epoch 11 and high watermark 0. Current leader is -1. Previous leader epoch was 10. (state.change.logger)
[2023-09-09 16:51:25,855] INFO [Broker id=1] Follower __consumer_offsets-2 starts at leader epoch 11 from offset 0 with partition epoch 11 and high watermark 0. Current leader is -1. Previous leader epoch was 10. (state.change.logger)
[2023-09-09 16:51:25,857] INFO [Broker id=1] Stopped fetchers as part of controlled shutdown for 51 partitions (state.change.logger)
[2023-09-09 16:51:26,177] INFO [Broker id=1] Transitioning 51 partition(s) to local followers. (state.change.logger)
[2023-09-09 16:51:26,178] INFO [Broker id=1] Follower __consumer_offsets-13 starts at leader epoch 12 from offset 0 with partition epoch 12 and high watermark 0. Current leader is -1. Previous leader epoch was 11. (state.change.logger)
[2023-09-09 16:51:26,178] INFO [Broker id=1] Follower __consumer_offsets-46 starts at leader epoch 12 from offset 0 with partition epoch 12 and high watermark 0. Current leader is -1. Previous leader epoch was 11. (state.change.logger)
[2023-09-09 16:51:26,178] INFO [Broker id=1] Follower __consumer_offsets-9 starts at leader epoch 12 from offset 0 with partition epoch 12 and high watermark 0. Current leader is -1. Previous leader epoch was 11. (state.change.logger)
[2023-09-09 16:51:26,178] INFO [Broker id=1] Follower __consumer_offsets-42 starts at leader epoch 12 from offset 0 with partition epoch 12 and high watermark 0. Current leader is -1. Previous leader epoch was 11. (state.change.logger)
[2023-09-09 16:51:26,178] INFO [Broker id=1] Follower __consumer_offsets-21 starts at leader epoch 12 from offset 0 with partition epoch 12 and high watermark 0. Current leader is -1. Previous leader epoch was 11. (state.change.logger)
[2023-09-09 16:51:26,178] INFO [Broker id=1] Follower __consumer_offsets-17 starts at leader epoch 12 from offset 0 with partition epoch 12 and high watermark 0. Current leader is -1. Previous leader epoch was 11. (state.change.logger)
[2023-09-09 16:51:26,178] INFO [Broker id=1] Follower __consumer_offsets-30 starts at leader epoch 12 from offset 0 with partition epoch 12 and high watermark 0. Current leader is -1. Previous leader epoch was 11. (state.change.logger)
[2023-09-09 16:51:26,178] INFO [Broker id=1] Follower __consumer_offsets-26 starts at leader epoch 12 from offset 0 with partition epoch 12 and high watermark 0. Current leader is -1. Previous leader epoch was 11. (state.change.logger)
[2023-09-09 16:51:26,178] INFO [Broker id=1] Follower __consumer_offsets-5 starts at leader epoch 12 from offset 0 with partition epoch 12 and high watermark 0. Current leader is -1. Previous leader epoch was 11. (state.change.logger)
[2023-09-09 16:51:26,178] INFO [Broker id=1] Follower __consumer_offsets-38 starts at leader epoch 12 from offset 0 with partition epoch 12 and high watermark 0. Current leader is -1. Previous leader epoch was 11. (state.change.logger)
[2023-09-09 16:51:26,178] INFO [Broker id=1] Follower my-topic-0 starts at leader epoch 12 from offset 53 with partition epoch 12 and high watermark 53. Current leader is -1. Previous leader epoch was 11. (state.change.logger)
[2023-09-09 16:51:26,178] INFO [Broker id=1] Follower __consumer_offsets-1 starts at leader epoch 12 from offset 3 with partition epoch 12 and high watermark 3. Current leader is -1. Previous leader epoch was 11. (state.change.logger)
[2023-09-09 16:51:26,178] INFO [Broker id=1] Follower __consumer_offsets-34 starts at leader epoch 12 from offset 0 with partition epoch 12 and high watermark 0. Current leader is -1. Previous leader epoch was 11. (state.change.logger)
[2023-09-09 16:51:26,178] INFO [Broker id=1] Follower __consumer_offsets-16 starts at leader epoch 12 from offset 0 with partition epoch 12 and high watermark 0. Current leader is -1. Previous leader epoch was 11. (state.change.logger)
[2023-09-09 16:51:26,178] INFO [Broker id=1] Follower __consumer_offsets-45 starts at leader epoch 12 from offset 0 with partition epoch 12 and high watermark 0. Current leader is -1. Previous leader epoch was 11. (state.change.logger)
[2023-09-09 16:51:26,178] INFO [Broker id=1] Follower __consumer_offsets-12 starts at leader epoch 12 from offset 0 with partition epoch 12 and high watermark 0. Current leader is -1. Previous leader epoch was 11. (state.change.logger)
[2023-09-09 16:51:26,178] INFO [Broker id=1] Follower __consumer_offsets-41 starts at leader epoch 12 from offset 0 with partition epoch 12 and high watermark 0. Current leader is -1. Previous leader epoch was 11. (state.change.logger)
[2023-09-09 16:51:26,178] INFO [Broker id=1] Follower __consumer_offsets-24 starts at leader epoch 12 from offset 0 with partition epoch 12 and high watermark 0. Current leader is -1. Previous leader epoch was 11. (state.change.logger)
[2023-09-09 16:51:26,178] INFO [Broker id=1] Follower __consumer_offsets-20 starts at leader epoch 12 from offset 0 with partition epoch 12 and high watermark 0. Current leader is -1. Previous leader epoch was 11. (state.change.logger)
[2023-09-09 16:51:26,178] INFO [Broker id=1] Follower __consumer_offsets-49 starts at leader epoch 12 from offset 0 with partition epoch 12 and high watermark 0. Current leader is -1. Previous leader epoch was 11. (state.change.logger)
[2023-09-09 16:51:26,178] INFO [Broker id=1] Follower __consumer_offsets-0 starts at leader epoch 12 from offset 0 with partition epoch 12 and high watermark 0. Current leader is -1. Previous leader epoch was 11. (state.change.logger)
[2023-09-09 16:51:26,178] INFO [Broker id=1] Follower __consumer_offsets-29 starts at leader epoch 12 from offset 0 with partition epoch 12 and high watermark 0. Current leader is -1. Previous leader epoch was 11. (state.change.logger)
[2023-09-09 16:51:26,178] INFO [Broker id=1] Follower __consumer_offsets-25 starts at leader epoch 12 from offset 0 with partition epoch 12 and high watermark 0. Current leader is -1. Previous leader epoch was 11. (state.change.logger)
[2023-09-09 16:51:26,178] INFO [Broker id=1] Follower __consumer_offsets-8 starts at leader epoch 12 from offset 0 with partition epoch 12 and high watermark 0. Current leader is -1. Previous leader epoch was 11. (state.change.logger)
[2023-09-09 16:51:26,178] INFO [Broker id=1] Follower __consumer_offsets-37 starts at leader epoch 12 from offset 0 with partition epoch 12 and high watermark 0. Current leader is -1. Previous leader epoch was 11. (state.change.logger)
[2023-09-09 16:51:26,178] INFO [Broker id=1] Follower __consumer_offsets-4 starts at leader epoch 12 from offset 0 with partition epoch 12 and high watermark 0. Current leader is -1. Previous leader epoch was 11. (state.change.logger)
[2023-09-09 16:51:26,178] INFO [Broker id=1] Follower __consumer_offsets-33 starts at leader epoch 12 from offset 0 with partition epoch 12 and high watermark 0. Current leader is -1. Previous leader epoch was 11. (state.change.logger)
[2023-09-09 16:51:26,178] INFO [Broker id=1] Follower __consumer_offsets-15 starts at leader epoch 12 from offset 0 with partition epoch 12 and high watermark 0. Current leader is -1. Previous leader epoch was 11. (state.change.logger)
[2023-09-09 16:51:26,178] INFO [Broker id=1] Follower __consumer_offsets-48 starts at leader epoch 12 from offset 0 with partition epoch 12 and high watermark 0. Current leader is -1. Previous leader epoch was 11. (state.change.logger)
[2023-09-09 16:51:26,179] INFO [Broker id=1] Follower __consumer_offsets-11 starts at leader epoch 12 from offset 0 with partition epoch 12 and high watermark 0. Current leader is -1. Previous leader epoch was 11. (state.change.logger)
[2023-09-09 16:51:26,179] INFO [Broker id=1] Follower __consumer_offsets-44 starts at leader epoch 12 from offset 0 with partition epoch 12 and high watermark 0. Current leader is -1. Previous leader epoch was 11. (state.change.logger)
[2023-09-09 16:51:26,179] INFO [Broker id=1] Follower __consumer_offsets-23 starts at leader epoch 12 from offset 3 with partition epoch 12 and high watermark 3. Current leader is -1. Previous leader epoch was 11. (state.change.logger)
[2023-09-09 16:51:26,179] INFO [Broker id=1] Follower __consumer_offsets-19 starts at leader epoch 12 from offset 0 with partition epoch 12 and high watermark 0. Current leader is -1. Previous leader epoch was 11. (state.change.logger)
[2023-09-09 16:51:26,179] INFO [Broker id=1] Follower __consumer_offsets-32 starts at leader epoch 12 from offset 0 with partition epoch 12 and high watermark 0. Current leader is -1. Previous leader epoch was 11. (state.change.logger)
[2023-09-09 16:51:26,179] INFO [Broker id=1] Follower __consumer_offsets-28 starts at leader epoch 12 from offset 0 with partition epoch 12 and high watermark 0. Current leader is -1. Previous leader epoch was 11. (state.change.logger)
[2023-09-09 16:51:26,179] INFO [Broker id=1] Follower __consumer_offsets-7 starts at leader epoch 12 from offset 26 with partition epoch 12 and high watermark 26. Current leader is -1. Previous leader epoch was 11. (state.change.logger)
[2023-09-09 16:51:26,179] INFO [Broker id=1] Follower __consumer_offsets-40 starts at leader epoch 12 from offset 0 with partition epoch 12 and high watermark 0. Current leader is -1. Previous leader epoch was 11. (state.change.logger)
[2023-09-09 16:51:26,179] INFO [Broker id=1] Follower __consumer_offsets-3 starts at leader epoch 12 from offset 0 with partition epoch 12 and high watermark 0. Current leader is -1. Previous leader epoch was 11. (state.change.logger)
[2023-09-09 16:51:26,179] INFO [Broker id=1] Follower __consumer_offsets-36 starts at leader epoch 12 from offset 3 with partition epoch 12 and high watermark 3. Current leader is -1. Previous leader epoch was 11. (state.change.logger)
[2023-09-09 16:51:26,179] INFO [Broker id=1] Follower __consumer_offsets-47 starts at leader epoch 12 from offset 0 with partition epoch 12 and high watermark 0. Current leader is -1. Previous leader epoch was 11. (state.change.logger)
[2023-09-09 16:51:26,179] INFO [Broker id=1] Follower __consumer_offsets-14 starts at leader epoch 12 from offset 0 with partition epoch 12 and high watermark 0. Current leader is -1. Previous leader epoch was 11. (state.change.logger)
[2023-09-09 16:51:26,179] INFO [Broker id=1] Follower __consumer_offsets-43 starts at leader epoch 12 from offset 0 with partition epoch 12 and high watermark 0. Current leader is -1. Previous leader epoch was 11. (state.change.logger)
[2023-09-09 16:51:26,179] INFO [Broker id=1] Follower __consumer_offsets-10 starts at leader epoch 12 from offset 0 with partition epoch 12 and high watermark 0. Current leader is -1. Previous leader epoch was 11. (state.change.logger)
[2023-09-09 16:51:26,179] INFO [Broker id=1] Follower __consumer_offsets-22 starts at leader epoch 12 from offset 3 with partition epoch 12 and high watermark 3. Current leader is -1. Previous leader epoch was 11. (state.change.logger)
[2023-09-09 16:51:26,180] INFO [Broker id=1] Follower __consumer_offsets-18 starts at leader epoch 12 from offset 0 with partition epoch 12 and high watermark 0. Current leader is -1. Previous leader epoch was 11. (state.change.logger)
[2023-09-09 16:51:26,180] INFO [Broker id=1] Follower __consumer_offsets-31 starts at leader epoch 12 from offset 0 with partition epoch 12 and high watermark 0. Current leader is -1. Previous leader epoch was 11. (state.change.logger)
[2023-09-09 16:51:26,180] INFO [Broker id=1] Follower __consumer_offsets-27 starts at leader epoch 12 from offset 0 with partition epoch 12 and high watermark 0. Current leader is -1. Previous leader epoch was 11. (state.change.logger)
[2023-09-09 16:51:26,180] INFO [Broker id=1] Follower __consumer_offsets-39 starts at leader epoch 12 from offset 0 with partition epoch 12 and high watermark 0. Current leader is -1. Previous leader epoch was 11. (state.change.logger)
[2023-09-09 16:51:26,180] INFO [Broker id=1] Follower __consumer_offsets-6 starts at leader epoch 12 from offset 0 with partition epoch 12 and high watermark 0. Current leader is -1. Previous leader epoch was 11. (state.change.logger)
[2023-09-09 16:51:26,180] INFO [Broker id=1] Follower __consumer_offsets-35 starts at leader epoch 12 from offset 0 with partition epoch 12 and high watermark 0. Current leader is -1. Previous leader epoch was 11. (state.change.logger)
[2023-09-09 16:51:26,180] INFO [Broker id=1] Follower __consumer_offsets-2 starts at leader epoch 12 from offset 0 with partition epoch 12 and high watermark 0. Current leader is -1. Previous leader epoch was 11. (state.change.logger)
[2023-09-09 16:51:26,180] INFO [Broker id=1] Stopped fetchers as part of controlled shutdown for 51 partitions (state.change.logger)
