07-Sep-2023 12:02:44.103 INFO [main] org.apache.catalina.core.ApplicationContext.log ContextListener: contextInitialized()
07-Sep-2023 12:02:44.106 INFO [main] org.apache.catalina.core.ApplicationContext.log SessionListener: contextInitialized()
07-Sep-2023 12:02:44.108 INFO [main] org.apache.catalina.core.ApplicationContext.log ContextListener: attributeAdded('StockTicker', 'async.Stockticker@3d9030b0')
07-Sep-2023 13:44:17.717 INFO [main] org.apache.catalina.core.ApplicationContext.log SessionListener: contextDestroyed()
07-Sep-2023 13:44:17.718 INFO [main] org.apache.catalina.core.ApplicationContext.log ContextListener: contextDestroyed()
07-Sep-2023 13:45:45.211 INFO [main] org.apache.catalina.core.ApplicationContext.log ContextListener: contextInitialized()
07-Sep-2023 13:45:45.217 INFO [main] org.apache.catalina.core.ApplicationContext.log SessionListener: contextInitialized()
07-Sep-2023 13:45:45.219 INFO [main] org.apache.catalina.core.ApplicationContext.log ContextListener: attributeAdded('StockTicker', 'async.Stockticker@ed43c29')
07-Sep-2023 17:45:28.707 INFO [main] org.apache.catalina.core.ApplicationContext.log SessionListener: contextDestroyed()
07-Sep-2023 17:45:28.709 INFO [main] org.apache.catalina.core.ApplicationContext.log ContextListener: contextDestroyed()
07-Sep-2023 17:46:29.039 INFO [main] org.apache.catalina.core.ApplicationContext.log ContextListener: contextInitialized()
07-Sep-2023 17:46:29.043 INFO [main] org.apache.catalina.core.ApplicationContext.log SessionListener: contextInitialized()
07-Sep-2023 17:46:29.049 INFO [main] org.apache.catalina.core.ApplicationContext.log ContextListener: attributeAdded('StockTicker', 'async.Stockticker@176626d9')
07-Sep-2023 17:56:02.170 INFO [main] org.apache.catalina.core.ApplicationContext.log SessionListener: contextDestroyed()
07-Sep-2023 17:56:02.171 INFO [main] org.apache.catalina.core.ApplicationContext.log ContextListener: contextDestroyed()
07-Sep-2023 17:59:35.567 INFO [main] org.apache.catalina.core.ApplicationContext.log ContextListener: contextInitialized()
07-Sep-2023 17:59:35.570 INFO [main] org.apache.catalina.core.ApplicationContext.log SessionListener: contextInitialized()
07-Sep-2023 17:59:35.572 INFO [main] org.apache.catalina.core.ApplicationContext.log ContextListener: attributeAdded('StockTicker', 'async.Stockticker@18fb745b')
07-Sep-2023 18:17:56.339 INFO [main] org.apache.catalina.core.ApplicationContext.log SessionListener: contextDestroyed()
07-Sep-2023 18:17:56.345 INFO [main] org.apache.catalina.core.ApplicationContext.log ContextListener: contextDestroyed()
07-Sep-2023 18:18:51.248 INFO [main] org.apache.catalina.core.ApplicationContext.log ContextListener: contextInitialized()
07-Sep-2023 18:18:51.254 INFO [main] org.apache.catalina.core.ApplicationContext.log SessionListener: contextInitialized()
07-Sep-2023 18:18:51.255 INFO [main] org.apache.catalina.core.ApplicationContext.log ContextListener: attributeAdded('StockTicker', 'async.Stockticker@18fb745b')
07-Sep-2023 19:14:45.050 INFO [main] org.apache.catalina.core.ApplicationContext.log SessionListener: contextDestroyed()
07-Sep-2023 19:14:45.050 INFO [main] org.apache.catalina.core.ApplicationContext.log ContextListener: contextDestroyed()
07-Sep-2023 19:16:13.850 INFO [main] org.apache.catalina.core.ApplicationContext.log ContextListener: contextInitialized()
07-Sep-2023 19:16:13.853 INFO [main] org.apache.catalina.core.ApplicationContext.log SessionListener: contextInitialized()
07-Sep-2023 19:16:13.858 INFO [main] org.apache.catalina.core.ApplicationContext.log ContextListener: attributeAdded('StockTicker', 'async.Stockticker@4627afce')
07-Sep-2023 20:07:49.403 INFO [main] org.apache.catalina.core.ApplicationContext.log SessionListener: contextDestroyed()
07-Sep-2023 20:07:49.403 INFO [main] org.apache.catalina.core.ApplicationContext.log ContextListener: contextDestroyed()
07-Sep-2023 20:08:47.647 INFO [main] org.apache.catalina.core.ApplicationContext.log ContextListener: contextInitialized()
07-Sep-2023 20:08:47.654 INFO [main] org.apache.catalina.core.ApplicationContext.log SessionListener: contextInitialized()
07-Sep-2023 20:08:47.656 INFO [main] org.apache.catalina.core.ApplicationContext.log ContextListener: attributeAdded('StockTicker', 'async.Stockticker@3317b195')
07-Sep-2023 20:28:25.945 INFO [main] org.apache.catalina.core.ApplicationContext.log SessionListener: contextDestroyed()
07-Sep-2023 20:28:25.945 INFO [main] org.apache.catalina.core.ApplicationContext.log ContextListener: contextDestroyed()
07-Sep-2023 20:29:11.181 INFO [main] org.apache.catalina.core.ApplicationContext.log ContextListener: contextInitialized()
07-Sep-2023 20:29:11.184 INFO [main] org.apache.catalina.core.ApplicationContext.log SessionListener: contextInitialized()
07-Sep-2023 20:29:11.187 INFO [main] org.apache.catalina.core.ApplicationContext.log ContextListener: attributeAdded('StockTicker', 'async.Stockticker@32120375')
07-Sep-2023 20:31:37.110 INFO [main] org.apache.catalina.core.ApplicationContext.log SessionListener: contextDestroyed()
07-Sep-2023 20:31:37.117 INFO [main] org.apache.catalina.core.ApplicationContext.log ContextListener: contextDestroyed()
07-Sep-2023 20:32:16.817 INFO [main] org.apache.catalina.core.ApplicationContext.log ContextListener: contextInitialized()
07-Sep-2023 20:32:16.821 INFO [main] org.apache.catalina.core.ApplicationContext.log SessionListener: contextInitialized()
07-Sep-2023 20:32:16.823 INFO [main] org.apache.catalina.core.ApplicationContext.log ContextListener: attributeAdded('StockTicker', 'async.Stockticker@75d3033e')
07-Sep-2023 20:48:23.775 INFO [main] org.apache.catalina.core.ApplicationContext.log SessionListener: contextDestroyed()
07-Sep-2023 20:48:23.781 INFO [main] org.apache.catalina.core.ApplicationContext.log ContextListener: contextDestroyed()
07-Sep-2023 20:49:14.642 INFO [main] org.apache.catalina.core.ApplicationContext.log ContextListener: contextInitialized()
07-Sep-2023 20:49:14.645 INFO [main] org.apache.catalina.core.ApplicationContext.log SessionListener: contextInitialized()
07-Sep-2023 20:49:14.646 INFO [main] org.apache.catalina.core.ApplicationContext.log ContextListener: attributeAdded('StockTicker', 'async.Stockticker@6340650b')
07-Sep-2023 20:59:07.206 INFO [main] org.apache.catalina.core.ApplicationContext.log SessionListener: contextDestroyed()
07-Sep-2023 20:59:07.206 INFO [main] org.apache.catalina.core.ApplicationContext.log ContextListener: contextDestroyed()
07-Sep-2023 21:00:11.768 INFO [main] org.apache.catalina.core.ApplicationContext.log ContextListener: contextInitialized()
07-Sep-2023 21:00:11.774 INFO [main] org.apache.catalina.core.ApplicationContext.log SessionListener: contextInitialized()
07-Sep-2023 21:00:11.775 INFO [main] org.apache.catalina.core.ApplicationContext.log ContextListener: attributeAdded('StockTicker', 'async.Stockticker@7fe03ffb')
