09-Sep-2023 12:18:05.887 INFO [main] org.apache.catalina.core.ApplicationContext.log SessionListener: contextDestroyed()
09-Sep-2023 12:18:05.893 INFO [main] org.apache.catalina.core.ApplicationContext.log ContextListener: contextDestroyed()
09-Sep-2023 12:31:28.194 INFO [main] org.apache.catalina.core.ApplicationContext.log ContextListener: contextInitialized()
09-Sep-2023 12:31:28.198 INFO [main] org.apache.catalina.core.ApplicationContext.log SessionListener: contextInitialized()
09-Sep-2023 12:31:28.200 INFO [main] org.apache.catalina.core.ApplicationContext.log ContextListener: attributeAdded('StockTicker', 'async.Stockticker@14e61283')
09-Sep-2023 12:46:29.635 INFO [main] org.apache.catalina.core.ApplicationContext.log SessionListener: contextDestroyed()
09-Sep-2023 12:46:29.636 INFO [main] org.apache.catalina.core.ApplicationContext.log ContextListener: contextDestroyed()
09-Sep-2023 12:47:58.339 INFO [main] org.apache.catalina.core.ApplicationContext.log ContextListener: contextInitialized()
09-Sep-2023 12:47:58.346 INFO [main] org.apache.catalina.core.ApplicationContext.log SessionListener: contextInitialized()
09-Sep-2023 12:47:58.348 INFO [main] org.apache.catalina.core.ApplicationContext.log ContextListener: attributeAdded('StockTicker', 'async.Stockticker@6340650b')
09-Sep-2023 13:07:32.675 INFO [main] org.apache.catalina.core.ApplicationContext.log SessionListener: contextDestroyed()
09-Sep-2023 13:07:32.675 INFO [main] org.apache.catalina.core.ApplicationContext.log ContextListener: contextDestroyed()
09-Sep-2023 13:09:55.606 INFO [main] org.apache.catalina.core.ApplicationContext.log ContextListener: contextInitialized()
09-Sep-2023 13:09:55.616 INFO [main] org.apache.catalina.core.ApplicationContext.log SessionListener: contextInitialized()
09-Sep-2023 13:09:55.649 INFO [main] org.apache.catalina.core.ApplicationContext.log ContextListener: attributeAdded('StockTicker', 'async.Stockticker@45173af6')
09-Sep-2023 14:26:32.818 INFO [main] org.apache.catalina.core.ApplicationContext.log SessionListener: contextDestroyed()
09-Sep-2023 14:26:32.818 INFO [main] org.apache.catalina.core.ApplicationContext.log ContextListener: contextDestroyed()
09-Sep-2023 14:27:57.037 INFO [main] org.apache.catalina.core.ApplicationContext.log ContextListener: contextInitialized()
09-Sep-2023 14:27:57.041 INFO [main] org.apache.catalina.core.ApplicationContext.log SessionListener: contextInitialized()
09-Sep-2023 14:27:57.044 INFO [main] org.apache.catalina.core.ApplicationContext.log ContextListener: attributeAdded('StockTicker', 'async.Stockticker@6340650b')
09-Sep-2023 14:57:28.495 INFO [main] org.apache.catalina.core.ApplicationContext.log SessionListener: contextDestroyed()
09-Sep-2023 14:57:28.495 INFO [main] org.apache.catalina.core.ApplicationContext.log ContextListener: contextDestroyed()
09-Sep-2023 14:58:23.717 INFO [main] org.apache.catalina.core.ApplicationContext.log ContextListener: contextInitialized()
09-Sep-2023 14:58:23.719 INFO [main] org.apache.catalina.core.ApplicationContext.log SessionListener: contextInitialized()
09-Sep-2023 14:58:23.726 INFO [main] org.apache.catalina.core.ApplicationContext.log ContextListener: attributeAdded('StockTicker', 'async.Stockticker@15c1d4a4')
09-Sep-2023 15:50:31.878 INFO [main] org.apache.catalina.core.ApplicationContext.log SessionListener: contextDestroyed()
09-Sep-2023 15:50:31.879 INFO [main] org.apache.catalina.core.ApplicationContext.log ContextListener: contextDestroyed()
09-Sep-2023 15:52:20.537 INFO [main] org.apache.catalina.core.ApplicationContext.log ContextListener: contextInitialized()
09-Sep-2023 15:52:20.540 INFO [main] org.apache.catalina.core.ApplicationContext.log SessionListener: contextInitialized()
09-Sep-2023 15:52:20.542 INFO [main] org.apache.catalina.core.ApplicationContext.log ContextListener: attributeAdded('StockTicker', 'async.Stockticker@ed43c29')
09-Sep-2023 16:07:27.501 INFO [main] org.apache.catalina.core.ApplicationContext.log SessionListener: contextDestroyed()
09-Sep-2023 16:07:27.501 INFO [main] org.apache.catalina.core.ApplicationContext.log ContextListener: contextDestroyed()
09-Sep-2023 16:08:36.695 INFO [main] org.apache.catalina.core.ApplicationContext.log ContextListener: contextInitialized()
09-Sep-2023 16:08:36.697 INFO [main] org.apache.catalina.core.ApplicationContext.log SessionListener: contextInitialized()
09-Sep-2023 16:08:36.698 INFO [main] org.apache.catalina.core.ApplicationContext.log ContextListener: attributeAdded('StockTicker', 'async.Stockticker@7dab1585')
09-Sep-2023 16:26:14.263 INFO [main] org.apache.catalina.core.ApplicationContext.log SessionListener: contextDestroyed()
09-Sep-2023 16:26:14.266 INFO [main] org.apache.catalina.core.ApplicationContext.log ContextListener: contextDestroyed()
09-Sep-2023 16:26:59.182 INFO [main] org.apache.catalina.core.ApplicationContext.log ContextListener: contextInitialized()
09-Sep-2023 16:26:59.188 INFO [main] org.apache.catalina.core.ApplicationContext.log SessionListener: contextInitialized()
09-Sep-2023 16:26:59.189 INFO [main] org.apache.catalina.core.ApplicationContext.log ContextListener: attributeAdded('StockTicker', 'async.Stockticker@176626d9')
