05-Sep-2023 11:09:06.521 INFO [main] org.apache.catalina.core.ApplicationContext.log ContextListener: contextInitialized()
05-Sep-2023 11:09:06.526 INFO [main] org.apache.catalina.core.ApplicationContext.log SessionListener: contextInitialized()
05-Sep-2023 11:09:06.530 INFO [main] org.apache.catalina.core.ApplicationContext.log ContextListener: attributeAdded('StockTicker', 'async.Stockticker@5b0b3e1b')
05-Sep-2023 11:17:10.938 INFO [main] org.apache.catalina.core.ApplicationContext.log SessionListener: contextDestroyed()
05-Sep-2023 11:17:10.939 INFO [main] org.apache.catalina.core.ApplicationContext.log ContextListener: contextDestroyed()
05-Sep-2023 11:21:38.509 INFO [main] org.apache.catalina.core.ApplicationContext.log ContextListener: contextInitialized()
05-Sep-2023 11:21:38.510 INFO [main] org.apache.catalina.core.ApplicationContext.log SessionListener: contextInitialized()
05-Sep-2023 11:21:38.512 INFO [main] org.apache.catalina.core.ApplicationContext.log ContextListener: attributeAdded('StockTicker', 'async.Stockticker@378a99be')
05-Sep-2023 11:38:24.140 INFO [Thread-2] org.apache.catalina.core.ApplicationContext.log SessionListener: contextDestroyed()
05-Sep-2023 11:38:24.140 INFO [Thread-2] org.apache.catalina.core.ApplicationContext.log ContextListener: contextDestroyed()
05-Sep-2023 23:24:50.287 INFO [main] org.apache.catalina.core.ApplicationContext.log ContextListener: contextInitialized()
05-Sep-2023 23:24:50.291 INFO [main] org.apache.catalina.core.ApplicationContext.log SessionListener: contextInitialized()
05-Sep-2023 23:24:50.292 INFO [main] org.apache.catalina.core.ApplicationContext.log ContextListener: attributeAdded('StockTicker', 'async.Stockticker@18fb745b')
05-Sep-2023 23:28:30.255 INFO [main] org.apache.catalina.core.ApplicationContext.log SessionListener: contextDestroyed()
05-Sep-2023 23:28:30.256 INFO [main] org.apache.catalina.core.ApplicationContext.log ContextListener: contextDestroyed()
05-Sep-2023 23:29:53.385 INFO [main] org.apache.catalina.core.ApplicationContext.log ContextListener: contextInitialized()
05-Sep-2023 23:29:53.387 INFO [main] org.apache.catalina.core.ApplicationContext.log SessionListener: contextInitialized()
05-Sep-2023 23:29:53.389 INFO [main] org.apache.catalina.core.ApplicationContext.log ContextListener: attributeAdded('StockTicker', 'async.Stockticker@ed43c29')
05-Sep-2023 23:51:39.161 INFO [main] org.apache.catalina.core.ApplicationContext.log SessionListener: contextDestroyed()
05-Sep-2023 23:51:39.162 INFO [main] org.apache.catalina.core.ApplicationContext.log ContextListener: contextDestroyed()
05-Sep-2023 23:53:16.770 INFO [main] org.apache.catalina.core.ApplicationContext.log ContextListener: contextInitialized()
05-Sep-2023 23:53:16.772 INFO [main] org.apache.catalina.core.ApplicationContext.log SessionListener: contextInitialized()
05-Sep-2023 23:53:16.778 INFO [main] org.apache.catalina.core.ApplicationContext.log ContextListener: attributeAdded('StockTicker', 'async.Stockticker@ed43c29')
